[     127ms] [WARNING] Error while trying to use the following icon from the Manifest: https://orgcell.com/pwa-192x192.png (Download error or resource isn't a valid image) @ https://orgcell.com/live-sharing:0
[  480711ms] [WARNING] Error while trying to use the following icon from the Manifest: https://orgcell.com/pwa-192x192.png (Download error or resource isn't a valid image) @ https://orgcell.com/family-website:0
[  485298ms] [WARNING] Error while trying to use the following icon from the Manifest: https://orgcell.com/pwa-192x192.png (Download error or resource isn't a valid image) @ https://orgcell.com/smart-sort:0
[  490225ms] [WARNING] Error while trying to use the following icon from the Manifest: https://orgcell.com/pwa-192x192.png (Download error or resource isn't a valid image) @ https://orgcell.com/:0
[  493296ms] [ERROR] The request has been aborted. @ https://orgcell.com/smart-sort:0
[  493304ms] [ERROR] [GSI_LOGGER]: FedCM get() rejects with AbortError: signal is aborted without reason @ https://accounts.google.com/gsi/client:81
[  499092ms] [WARNING] [GSI_LOGGER]: google.accounts.id.initialize() is called multiple times. This could cause unexpected behavior and only the last initialized instance will be used. @ https://accounts.google.com/gsi/client:80
[  501967ms] [ERROR] The request has been aborted. @ https://orgcell.com/family-website:0
[  501971ms] [ERROR] [GSI_LOGGER]: FedCM get() rejects with AbortError: signal is aborted without reason @ https://accounts.google.com/gsi/client:81
[  503894ms] [WARNING] [GSI_LOGGER]: google.accounts.id.initialize() is called multiple times. This could cause unexpected behavior and only the last initialized instance will be used. @ https://accounts.google.com/gsi/client:80
[  506795ms] [ERROR] Error retrieving a token. @ https://orgcell.com/smart-sort:0
[  506833ms] [WARNING] Error while trying to use the following icon from the Manifest: https://orgcell.com/pwa-192x192.png (Download error or resource isn't a valid image) @ https://orgcell.com/smart-sort:0
[  511001ms] [WARNING] Error while trying to use the following icon from the Manifest: https://orgcell.com/pwa-192x192.png (Download error or resource isn't a valid image) @ https://orgcell.com/:0
[  513078ms] [ERROR] The request has been aborted. @ https://orgcell.com/live-sharing:0
[  513079ms] [ERROR] [GSI_LOGGER]: FedCM get() rejects with AbortError: signal is aborted without reason @ https://accounts.google.com/gsi/client:81
[  516941ms] [WARNING] [GSI_LOGGER]: google.accounts.id.initialize() is called multiple times. This could cause unexpected behavior and only the last initialized instance will be used. @ https://accounts.google.com/gsi/client:80
[  519351ms] [ERROR] The request has been aborted. @ https://orgcell.com/family-website:0
[  519351ms] [ERROR] [GSI_LOGGER]: FedCM get() rejects with AbortError: signal is aborted without reason @ https://accounts.google.com/gsi/client:81
[  536475ms] [WARNING] [GSI_LOGGER]: google.accounts.id.initialize() is called multiple times. This could cause unexpected behavior and only the last initialized instance will be used. @ https://accounts.google.com/gsi/client:80
[  544523ms] [ERROR] The request has been aborted. @ https://orgcell.com/:0
[  544524ms] [ERROR] [GSI_LOGGER]: FedCM get() rejects with AbortError: signal is aborted without reason @ https://accounts.google.com/gsi/client:81
